0 info it worked if it ends with ok
1 verbose cli [ '/usr/local/bin/node', '/usr/local/bin/npm', 'run', 'dev' ]
2 info using npm@3.10.3
3 info using node@v6.5.0
4 verbose run-script [ 'predev', 'dev', 'postdev' ]
5 info lifecycle ProjectThree@~predev: ProjectThree@
6 silly lifecycle ProjectThree@~predev: no script for predev, continuing
7 info lifecycle ProjectThree@~dev: ProjectThree@
8 verbose lifecycle ProjectThree@~dev: unsafe-perm in lifecycle true
9 verbose lifecycle ProjectThree@~dev: PATH: /usr/local/lib/node_modules/npm/bin/node-gyp-bin:/Users/StefanieDing/Desktop/Bootcamp/04-Quarter/ProjectThree/node_modules/.bin:/usr/local/bin:/usr/local/bin:/usr/bin:/bin:/usr/sbin:/sbin
10 verbose lifecycle ProjectThree@~dev: CWD: /Users/StefanieDing/Desktop/Bootcamp/04-Quarter/ProjectThree
11 silly lifecycle ProjectThree@~dev: Args: [ '-c', 'meteor run --settings settings.json' ]
12 silly lifecycle ProjectThree@~dev: Returned: code: 1  signal: null
13 info lifecycle ProjectThree@~dev: Failed to exec dev script
14 verbose stack Error: ProjectThree@ dev: `meteor run --settings settings.json`
14 verbose stack Exit status 1
14 verbose stack     at EventEmitter.<anonymous> (/usr/local/lib/node_modules/npm/lib/utils/lifecycle.js:242:16)
14 verbose stack     at emitTwo (events.js:106:13)
14 verbose stack     at EventEmitter.emit (events.js:191:7)
14 verbose stack     at ChildProcess.<anonymous> (/usr/local/lib/node_modules/npm/lib/utils/spawn.js:40:14)
14 verbose stack     at emitTwo (events.js:106:13)
14 verbose stack     at ChildProcess.emit (events.js:191:7)
14 verbose stack     at maybeClose (internal/child_process.js:877:16)
14 verbose stack     at Process.ChildProcess._handle.onexit (internal/child_process.js:226:5)
15 verbose pkgid ProjectThree@
16 verbose cwd /Users/StefanieDing/Desktop/Bootcamp/04-Quarter/ProjectThree
17 error Darwin 15.6.0
18 error argv "/usr/local/bin/node" "/usr/local/bin/npm" "run" "dev"
19 error node v6.5.0
20 error npm  v3.10.3
21 error code ELIFECYCLE
22 error ProjectThree@ dev: `meteor run --settings settings.json`
22 error Exit status 1
23 error Failed at the ProjectThree@ dev script 'meteor run --settings settings.json'.
23 error Make sure you have the latest version of node.js and npm installed.
23 error If you do, this is most likely a problem with the ProjectThree package,
23 error not with npm itself.
23 error Tell the author that this fails on your system:
23 error     meteor run --settings settings.json
23 error You can get information on how to open an issue for this project with:
23 error     npm bugs ProjectThree
23 error Or if that isn't available, you can get their info via:
23 error     npm owner ls ProjectThree
23 error There is likely additional logging output above.
24 verbose exit [ 1, true ]
